Arguments: 
  C:\Program Files\nodejs\node.exe C:\Program Files\nodejs\node_modules\yarn\bin\yarn.js add nuxt

PATH: 
  C:\Windows\system32;C:\Windows;C:\Windows\System32\Wbem;C:\Windows\System32\WindowsPowerShell\v1.0\;C:\Windows\System32\OpenSSH\;C:\Program Files (x86)\NVIDIA Corporation\PhysX\Common;C:\Program Files\NVIDIA Corporation\NVIDIA NvDLISR;C:\Program Files (x86)\Common Files\Oracle\Java\javapath;C:\Program Files\java\jdk1.8.0_231\bin;"%JAVA_HOME%\bin;";"%JAVA_HOME%\jre\bin;C:\Program Files (x86)\Nox\bin;C:\Users\17929\AppData\Roaming\nvm;C:\Program Files\nodejs;C:\WINDOWS\system32;C:\WINDOWS;C:\WINDOWS\System32\Wbem;C:\WINDOWS\System32\WindowsPowerShell\v1.0\;C:\WINDOWS\System32\OpenSSH\;D:\ProTools\Flutter\flutter\bin;C:\aSdk\tools;C:\aSdk\platform-tools;C:\Program Files\Dart\dart-sdk\bin";"C:\Users\17929\AppData\Roaming\nvm;C:\Program Files\nodejs";D:\ProTools\redis;C:\Program Files\Dart\dart-sdk\bin;D:\ProTools\Go\bin;D:\ProTools\;D:\ProTools\mysql-8.0.20-winx64\bin;C:\Program Files (x86)\Windows Kits\8.1\Windows Performance Toolkit\;C:\ProgramData\chocolatey\bin;C:\Program Files\Git\cmd;C:\Users\17929\.cargo\bin;C:\Users\17929\AppData\Local\Programs\Python\Python37\Scripts\;C:\Users\17929\AppData\Local\Programs\Python\Python37\;C:\Users\17929\AppData\Local\Microsoft\WindowsApps;C:\Program Files\MongoDB\Server\4.0\bin;C:\Users\17929\AppData\Local\Programs\Fiddler;D:\ProTools\Flutter\flutter\bin;C:\aSdk\platform-tools;C:\aSdk\tools;C:\Program Files (x86)\Nox\bin;C:\Users\17929\AppData\Roaming\nvm;C:\Program Files\nodejs;C:\Users\17929\AppData\Local\Microsoft\WindowsApps;D:\ProTools\Microsoft VS Code\bin;C:\Program Files\java\jdk1.8.0_231\bin;C:\Users\17929\go\bin;D:\ProTools\Fiddler;C:\tools\dart-sdk\bin;C:\Users\17929\AppData\Roaming\Pub\Cache\bin;

Yarn version: 
  1.22.4

Node version: 
  14.7.0

Platform: 
  win32 x64

Trace: 
  Error [ERR_TLS_CERT_ALTNAME_INVALID]: Hostname/IP does not match certificate's altnames: Host: registry.cnpmjs.org. is not in the cert's altnames: DNS:r.cnpmjs.org
      at Object.checkServerIdentity (tls.js:287:12)
      at TLSSocket.onConnectSecure (_tls_wrap.js:1507:27)
      at TLSSocket.emit (events.js:314:20)
      at TLSSocket._finishInit (_tls_wrap.js:932:8)
      at TLSWrap.ssl.onhandshakedone (_tls_wrap.js:706:12)

npm manifest: 
  {
    "name": "realworld-nuxtjs",
    "version": "1.0.0",
    "description": "",
    "main": "index.js",
    "scripts": {
      "test": "echo \"Error: no test specified\" && exit 1",
      "serve":"nuxt"
    },
    "keywords": [],
    "author": "",
    "license": "ISC"
  }

yarn manifest: 
  No manifest

Lockfile: 
  No lockfile
